<?xml version="1.0" encoding="UTF-8"?>
<testsuite xmlns:xsi="http://www.w3.org/2001/XMLSchema-instance" xsi:noNamespaceSchemaLocation="https://maven.apache.org/surefire/maven-surefire-plugin/xsd/surefire-test-report.xsd" name="com.tems.AppTest" time="0.028" tests="1" errors="0" skipped="0" failures="0">
  <properties>
    <property name="java.specification.version" value="23"/>
    <property name="sun.cpu.isalist" value="amd64"/>
    <property name="sun.jnu.encoding" value="Cp1252"/>
    <property name="java.class.path" value="C:\Users\jacks\OneDrive\School\UNB\S2\CS2043\project\CS2043Project\main\target\test-classes;C:\Users\jacks\OneDrive\School\UNB\S2\CS2043\project\CS2043Project\main\target\classes;C:\Users\jacks\.m2\repository\junit\junit\4.11\junit-4.11.jar;C:\Users\jacks\.m2\repository\org\hamcrest\hamcrest-core\1.3\hamcrest-core-1.3.jar;C:\Users\jacks\.m2\repository\org\mariadb\jdbc\mariadb-java-client\2.7.3\mariadb-java-client-2.7.3.jar;C:\Users\jacks\.m2\repository\org\openjfx\javafx-controls\23\javafx-controls-23.jar;C:\Users\jacks\.m2\repository\org\openjfx\javafx-controls\23\javafx-controls-23-win.jar;C:\Users\jacks\.m2\repository\org\openjfx\javafx-graphics\23\javafx-graphics-23.jar;C:\Users\jacks\.m2\repository\org\openjfx\javafx-graphics\23\javafx-graphics-23-win.jar;C:\Users\jacks\.m2\repository\org\openjfx\javafx-base\23\javafx-base-23.jar;C:\Users\jacks\.m2\repository\org\openjfx\javafx-base\23\javafx-base-23-win.jar;C:\Users\jacks\.m2\repository\org\openjfx\javafx-fxml\23\javafx-fxml-23.jar;C:\Users\jacks\.m2\repository\org\openjfx\javafx-fxml\23\javafx-fxml-23-win.jar;"/>
    <property name="java.vm.vendor" value="Oracle Corporation"/>
    <property name="sun.arch.data.model" value="64"/>
    <property name="user.variant" value=""/>
    <property name="java.vendor.url" value="https://java.oracle.com/"/>
    <property name="user.timezone" value="America/Halifax"/>
    <property name="os.name" value="Windows 11"/>
    <property name="java.vm.specification.version" value="23"/>
    <property name="sun.java.launcher" value="SUN_STANDARD"/>
    <property name="user.country" value="CA"/>
    <property name="sun.boot.library.path" value="C:\Program Files\Java\jdk-23\bin"/>
    <property name="sun.java.command" value="C:\Users\jacks\AppData\Local\Temp\surefire14671749924806850545\surefirebooter10446357577349087125.jar C:\Users\jacks\AppData\Local\Temp\surefire14671749924806850545 2025-02-13T01-46-14_595-jvmRun1 surefire5781994074793883540tmp surefire_010314463078040371848tmp"/>
    <property name="jdk.debug" value="release"/>
    <property name="surefire.test.class.path" value="C:\Users\jacks\OneDrive\School\UNB\S2\CS2043\project\CS2043Project\main\target\test-classes;C:\Users\jacks\OneDrive\School\UNB\S2\CS2043\project\CS2043Project\main\target\classes;C:\Users\jacks\.m2\repository\junit\junit\4.11\junit-4.11.jar;C:\Users\jacks\.m2\repository\org\hamcrest\hamcrest-core\1.3\hamcrest-core-1.3.jar;C:\Users\jacks\.m2\repository\org\mariadb\jdbc\mariadb-java-client\2.7.3\mariadb-java-client-2.7.3.jar;C:\Users\jacks\.m2\repository\org\openjfx\javafx-controls\23\javafx-controls-23.jar;C:\Users\jacks\.m2\repository\org\openjfx\javafx-controls\23\javafx-controls-23-win.jar;C:\Users\jacks\.m2\repository\org\openjfx\javafx-graphics\23\javafx-graphics-23.jar;C:\Users\jacks\.m2\repository\org\openjfx\javafx-graphics\23\javafx-graphics-23-win.jar;C:\Users\jacks\.m2\repository\org\openjfx\javafx-base\23\javafx-base-23.jar;C:\Users\jacks\.m2\repository\org\openjfx\javafx-base\23\javafx-base-23-win.jar;C:\Users\jacks\.m2\repository\org\openjfx\javafx-fxml\23\javafx-fxml-23.jar;C:\Users\jacks\.m2\repository\org\openjfx\javafx-fxml\23\javafx-fxml-23-win.jar;"/>
    <property name="sun.cpu.endian" value="little"/>
    <property name="user.home" value="C:\Users\jacks"/>
    <property name="user.language" value="en"/>
    <property name="java.specification.vendor" value="Oracle Corporation"/>
    <property name="java.version.date" value="2024-09-17"/>
    <property name="java.home" value="C:\Program Files\Java\jdk-23"/>
    <property name="file.separator" value="\"/>
    <property name="basedir" value="C:\Users\jacks\OneDrive\School\UNB\S2\CS2043\project\CS2043Project\main"/>
    <property name="java.vm.compressedOopsMode" value="Zero based"/>
    <property name="line.separator" value="&#10;"/>
    <property name="java.vm.specification.vendor" value="Oracle Corporation"/>
    <property name="java.specification.name" value="Java Platform API Specification"/>
    <property name="surefire.real.class.path" value="C:\Users\jacks\AppData\Local\Temp\surefire14671749924806850545\surefirebooter10446357577349087125.jar"/>
    <property name="user.script" value=""/>
    <property name="sun.management.compiler" value="HotSpot 64-Bit Tiered Compilers"/>
    <property name="java.runtime.version" value="23+37-2369"/>
    <property name="user.name" value="jacks"/>
    <property name="stdout.encoding" value="Cp1252"/>
    <property name="path.separator" value=";"/>
    <property name="os.version" value="10.0"/>
    <property name="java.runtime.name" value="Java(TM) SE Runtime Environment"/>
    <property name="file.encoding" value="UTF-8"/>
    <property name="java.vm.name" value="Java HotSpot(TM) 64-Bit Server VM"/>
    <property name="localRepository" value="C:\Users\jacks\.m2\repository"/>
    <property name="java.vendor.url.bug" value="https://bugreport.java.com/bugreport/"/>
    <property name="java.io.tmpdir" value="C:\Users\jacks\AppData\Local\Temp\"/>
    <property name="java.version" value="23"/>
    <property name="user.dir" value="C:\Users\jacks\OneDrive\School\UNB\S2\CS2043\project\CS2043Project\main"/>
    <property name="os.arch" value="amd64"/>
    <property name="java.vm.specification.name" value="Java Virtual Machine Specification"/>
    <property name="sun.os.patch.level" value=""/>
    <property name="native.encoding" value="Cp1252"/>
    <property name="java.library.path" value="C:\Program Files\Java\jdk-23\bin;C:\Windows\Sun\Java\bin;C:\Windows\system32;C:\Windows;c:\strawberry\c\bin;c:\strawberry\c\libexec\gcc\x86_64-w64-mingw32\14.1.0;C:\Python312\Scripts\;C:\Python312\;C:\Program Files (x86)\VMware\VMware Player\bin\;C:\Program Files\Common Files\Oracle\Java\javapath;C:\Windows\system32;C:\Windows;C:\Windows\System32\Wbem;C:\Windows\System32\WindowsPowerShell\v1.0\;C:\Windows\System32\OpenSSH\;C:\Program Files (x86)\NVIDIA Corporation\PhysX\Common;C:\Program Files\NVIDIA Corporation\NVIDIA NvDLISR;C:\Program Files\Git\cmd;C:\Program Files\Git\bin;C:\Program Files\Gradle\gradle-8.3\bin;C:\Program Files\PuTTY\;C:\Program Files\Docker\Docker\resources\bin;C:\Strawberry\perl\site\bin;C:\Strawberry\perl\bin;C:\Users\jacks\AppData\Roaming\nvm;C:\Program Files\nodejs;C:\Program Files\nodejs\;C:\ProgramData\chocolatey\bin;C:\Program Files\MySQL\MySQL Server 8.0\bin;C:\Program Files\PostgreSQL\16\bin;c:\Program Files\Java\jdk-23\bin;C:\Program Files\Java;C:\msys64\mingw64\bin;C:\msys64\usr\bin;C:\Program Files (x86)\Vim\vim91;C:\Program Files (x86)\QtSpim;C:\ProgramData\Microsoft\Windows\Start Menu\Programs\MariaDB 11.6 (x64);C:\Program Files\Apache\maven\apache-maven-3.9.9;C:\Program Files\Apache\maven\apache-maven-3.9.9\bin;C:\Program Files\MySQL\MySQL Shell 8.0\bin\;C:\Users\jacks\AppData\Local\Programs\Python\Python311\Scripts\;C:\Users\jacks\AppData\Local\Programs\Python\Python311\;C:\Users\jacks\AppData\Local\Microsoft\WindowsApps;C:\Users\jacks\AppData\Local\Programs\Microsoft VS Code\bin;C:\Program Files\JetBrains\IntelliJ IDEA 2023.2.1\bin;C:\Users\jacks\AppData\Local\JetBrains\Toolbox\scripts;C:\Program Files\JetBrains\PyCharm 2023.2.1\bin;C:\Users\jacks\AppData\Local\GitHubDesktop\bin;C:\MinGW\bin;c:\Users\jacks\AppData\Roaming\Code\User\globalStorage\ms-vscode-remote.remote-containers\cli-bin;C:\Program Files\swipl\bin;C:\Users\jacks\AppData\Roaming\nvm;C:\Program Files\nodejs;C:\Users\jacks\AppData\Roaming\npm;."/>
    <property name="java.vm.info" value="mixed mode, sharing"/>
    <property name="stderr.encoding" value="Cp1252"/>
    <property name="java.vendor" value="Oracle Corporation"/>
    <property name="java.vm.version" value="23+37-2369"/>
    <property name="sun.io.unicode.encoding" value="UnicodeLittle"/>
    <property name="java.class.version" value="67.0"/>
  </properties>
  <testcase name="shouldAnswerWithTrue" classname="com.tems.AppTest" time="0.004"/>
</testsuite>