<?xml version="1.0" encoding="UTF-8"?>
<testsuite xmlns:xsi="http://www.w3.org/2001/XMLSchema-instance" xsi:noNamespaceSchemaLocation="https://maven.apache.org/surefire/maven-surefire-plugin/xsd/surefire-test-report-3.0.xsd" version="3.0" name="com.tems.TalentRecruiterTest" time="0.254" tests="1" errors="0" skipped="0" failures="0">
  <properties>
    <property name="java.specification.version" value="23"/>
    <property name="sun.cpu.isalist" value="amd64"/>
    <property name="sun.jnu.encoding" value="Cp1252"/>
    <property name="java.class.path" value="C:\Users\jacks\OneDrive\School\UNB\S2\CS2043\project\CS2043Project\main\target\test-classes;C:\Users\jacks\OneDrive\School\UNB\S2\CS2043\project\CS2043Project\main\target\classes;C:\Users\jacks\.m2\repository\org\junit\jupiter\junit-jupiter-api\5.7.0\junit-jupiter-api-5.7.0.jar;C:\Users\jacks\.m2\repository\org\apiguardian\apiguardian-api\1.1.0\apiguardian-api-1.1.0.jar;C:\Users\jacks\.m2\repository\org\opentest4j\opentest4j\1.2.0\opentest4j-1.2.0.jar;C:\Users\jacks\.m2\repository\org\junit\platform\junit-platform-commons\1.7.0\junit-platform-commons-1.7.0.jar;C:\Users\jacks\.m2\repository\io\github\cdimascio\dotenv-java\3.0.2\dotenv-java-3.0.2.jar;C:\Users\jacks\.m2\repository\org\mindrot\jbcrypt\0.4\jbcrypt-0.4.jar;C:\Users\jacks\.m2\repository\org\slf4j\slf4j-api\1.7.32\slf4j-api-1.7.32.jar;C:\Users\jacks\.m2\repository\org\slf4j\slf4j-simple\1.7.32\slf4j-simple-1.7.32.jar;C:\Users\jacks\.m2\repository\org\springframework\security\spring-security-core\5.8.5\spring-security-core-5.8.5.jar;C:\Users\jacks\.m2\repository\org\springframework\security\spring-security-crypto\5.8.5\spring-security-crypto-5.8.5.jar;C:\Users\jacks\.m2\repository\org\springframework\spring-aop\5.3.29\spring-aop-5.3.29.jar;C:\Users\jacks\.m2\repository\org\springframework\spring-beans\5.3.29\spring-beans-5.3.29.jar;C:\Users\jacks\.m2\repository\org\springframework\spring-context\5.3.29\spring-context-5.3.29.jar;C:\Users\jacks\.m2\repository\org\springframework\spring-core\5.3.29\spring-core-5.3.29.jar;C:\Users\jacks\.m2\repository\org\springframework\spring-jcl\5.3.29\spring-jcl-5.3.29.jar;C:\Users\jacks\.m2\repository\org\springframework\spring-expression\5.3.29\spring-expression-5.3.29.jar;C:\Users\jacks\.m2\repository\org\junit\jupiter\junit-jupiter-engine\5.7.0\junit-jupiter-engine-5.7.0.jar;C:\Users\jacks\.m2\repository\org\junit\platform\junit-platform-engine\1.7.0\junit-platform-engine-1.7.0.jar;C:\Users\jacks\.m2\repository\org\mariadb\jdbc\mariadb-java-client\3.5.0\mariadb-java-client-3.5.0.jar;C:\Users\jacks\.m2\repository\com\github\waffle\waffle-jna\3.3.0\waffle-jna-3.3.0.jar;C:\Users\jacks\.m2\repository\net\java\dev\jna\jna\5.13.0\jna-5.13.0.jar;C:\Users\jacks\.m2\repository\net\java\dev\jna\jna-platform\5.13.0\jna-platform-5.13.0.jar;C:\Users\jacks\.m2\repository\org\slf4j\jcl-over-slf4j\2.0.7\jcl-over-slf4j-2.0.7.jar;C:\Users\jacks\.m2\repository\com\github\ben-manes\caffeine\caffeine\2.9.3\caffeine-2.9.3.jar;C:\Users\jacks\.m2\repository\com\google\errorprone\error_prone_annotations\2.10.0\error_prone_annotations-2.10.0.jar;C:\Users\jacks\.m2\repository\org\checkerframework\checker-qual\3.32.0\checker-qual-3.32.0.jar;C:\Users\jacks\.m2\repository\com\zaxxer\HikariCP\6.2.1\HikariCP-6.2.1.jar;C:\Users\jacks\.m2\repository\org\openjfx\javafx-controls\19\javafx-controls-19.jar;C:\Users\jacks\.m2\repository\org\openjfx\javafx-controls\19\javafx-controls-19-win.jar;C:\Users\jacks\.m2\repository\org\openjfx\javafx-graphics\19\javafx-graphics-19.jar;C:\Users\jacks\.m2\repository\org\openjfx\javafx-graphics\19\javafx-graphics-19-win.jar;C:\Users\jacks\.m2\repository\org\openjfx\javafx-base\19\javafx-base-19.jar;C:\Users\jacks\.m2\repository\org\openjfx\javafx-base\19\javafx-base-19-win.jar;C:\Users\jacks\.m2\repository\org\openjfx\javafx-fxml\19\javafx-fxml-19.jar;C:\Users\jacks\.m2\repository\org\openjfx\javafx-fxml\19\javafx-fxml-19-win.jar;"/>
    <property name="java.vm.vendor" value="Oracle Corporation"/>
    <property name="sun.arch.data.model" value="64"/>
    <property name="user.variant" value=""/>
    <property name="java.vendor.url" value="https://java.oracle.com/"/>
    <property name="user.timezone" value="America/Halifax"/>
    <property name="os.name" value="Windows 11"/>
    <property name="java.vm.specification.version" value="23"/>
    <property name="user.country" value="CA"/>
    <property name="sun.java.launcher" value="SUN_STANDARD"/>
    <property name="sun.boot.library.path" value="C:\Program Files\Java\jdk-23\bin"/>
    <property name="sun.java.command" value="C:\Users\jacks\AppData\Local\Temp\surefire10075776146117732445\surefirebooter12098761438419619150.jar C:\Users\jacks\AppData\Local\Temp\surefire10075776146117732445 2025-02-25T08-57-18_377-jvmRun1 surefire800651976698597784tmp surefire_08096030674548007715tmp"/>
    <property name="jdk.debug" value="release"/>
    <property name="surefire.test.class.path" value="C:\Users\jacks\OneDrive\School\UNB\S2\CS2043\project\CS2043Project\main\target\test-classes;C:\Users\jacks\OneDrive\School\UNB\S2\CS2043\project\CS2043Project\main\target\classes;C:\Users\jacks\.m2\repository\org\junit\jupiter\junit-jupiter-api\5.7.0\junit-jupiter-api-5.7.0.jar;C:\Users\jacks\.m2\repository\org\apiguardian\apiguardian-api\1.1.0\apiguardian-api-1.1.0.jar;C:\Users\jacks\.m2\repository\org\opentest4j\opentest4j\1.2.0\opentest4j-1.2.0.jar;C:\Users\jacks\.m2\repository\org\junit\platform\junit-platform-commons\1.7.0\junit-platform-commons-1.7.0.jar;C:\Users\jacks\.m2\repository\io\github\cdimascio\dotenv-java\3.0.2\dotenv-java-3.0.2.jar;C:\Users\jacks\.m2\repository\org\mindrot\jbcrypt\0.4\jbcrypt-0.4.jar;C:\Users\jacks\.m2\repository\org\slf4j\slf4j-api\1.7.32\slf4j-api-1.7.32.jar;C:\Users\jacks\.m2\repository\org\slf4j\slf4j-simple\1.7.32\slf4j-simple-1.7.32.jar;C:\Users\jacks\.m2\repository\org\springframework\security\spring-security-core\5.8.5\spring-security-core-5.8.5.jar;C:\Users\jacks\.m2\repository\org\springframework\security\spring-security-crypto\5.8.5\spring-security-crypto-5.8.5.jar;C:\Users\jacks\.m2\repository\org\springframework\spring-aop\5.3.29\spring-aop-5.3.29.jar;C:\Users\jacks\.m2\repository\org\springframework\spring-beans\5.3.29\spring-beans-5.3.29.jar;C:\Users\jacks\.m2\repository\org\springframework\spring-context\5.3.29\spring-context-5.3.29.jar;C:\Users\jacks\.m2\repository\org\springframework\spring-core\5.3.29\spring-core-5.3.29.jar;C:\Users\jacks\.m2\repository\org\springframework\spring-jcl\5.3.29\spring-jcl-5.3.29.jar;C:\Users\jacks\.m2\repository\org\springframework\spring-expression\5.3.29\spring-expression-5.3.29.jar;C:\Users\jacks\.m2\repository\org\junit\jupiter\junit-jupiter-engine\5.7.0\junit-jupiter-engine-5.7.0.jar;C:\Users\jacks\.m2\repository\org\junit\platform\junit-platform-engine\1.7.0\junit-platform-engine-1.7.0.jar;C:\Users\jacks\.m2\repository\org\mariadb\jdbc\mariadb-java-client\3.5.0\mariadb-java-client-3.5.0.jar;C:\Users\jacks\.m2\repository\com\github\waffle\waffle-jna\3.3.0\waffle-jna-3.3.0.jar;C:\Users\jacks\.m2\repository\net\java\dev\jna\jna\5.13.0\jna-5.13.0.jar;C:\Users\jacks\.m2\repository\net\java\dev\jna\jna-platform\5.13.0\jna-platform-5.13.0.jar;C:\Users\jacks\.m2\repository\org\slf4j\jcl-over-slf4j\2.0.7\jcl-over-slf4j-2.0.7.jar;C:\Users\jacks\.m2\repository\com\github\ben-manes\caffeine\caffeine\2.9.3\caffeine-2.9.3.jar;C:\Users\jacks\.m2\repository\com\google\errorprone\error_prone_annotations\2.10.0\error_prone_annotations-2.10.0.jar;C:\Users\jacks\.m2\repository\org\checkerframework\checker-qual\3.32.0\checker-qual-3.32.0.jar;C:\Users\jacks\.m2\repository\com\zaxxer\HikariCP\6.2.1\HikariCP-6.2.1.jar;C:\Users\jacks\.m2\repository\org\openjfx\javafx-controls\19\javafx-controls-19.jar;C:\Users\jacks\.m2\repository\org\openjfx\javafx-controls\19\javafx-controls-19-win.jar;C:\Users\jacks\.m2\repository\org\openjfx\javafx-graphics\19\javafx-graphics-19.jar;C:\Users\jacks\.m2\repository\org\openjfx\javafx-graphics\19\javafx-graphics-19-win.jar;C:\Users\jacks\.m2\repository\org\openjfx\javafx-base\19\javafx-base-19.jar;C:\Users\jacks\.m2\repository\org\openjfx\javafx-base\19\javafx-base-19-win.jar;C:\Users\jacks\.m2\repository\org\openjfx\javafx-fxml\19\javafx-fxml-19.jar;C:\Users\jacks\.m2\repository\org\openjfx\javafx-fxml\19\javafx-fxml-19-win.jar;"/>
    <property name="test" value="com.tems.TalentRecruiterTest#getByIdTest"/>
    <property name="sun.cpu.endian" value="little"/>
    <property name="user.home" value="C:\Users\jacks"/>
    <property name="user.language" value="en"/>
    <property name="java.specification.vendor" value="Oracle Corporation"/>
    <property name="java.version.date" value="2024-09-17"/>
    <property name="java.home" value="C:\Program Files\Java\jdk-23"/>
    <property name="file.separator" value="\"/>
    <property name="basedir" value="C:\Users\jacks\OneDrive\School\UNB\S2\CS2043\project\CS2043Project\main"/>
    <property name="java.vm.compressedOopsMode" value="Zero based"/>
    <property name="line.separator" value="&#10;"/>
    <property name="java.vm.specification.vendor" value="Oracle Corporation"/>
    <property name="java.specification.name" value="Java Platform API Specification"/>
    <property name="surefire.real.class.path" value="C:\Users\jacks\AppData\Local\Temp\surefire10075776146117732445\surefirebooter12098761438419619150.jar"/>
    <property name="user.script" value=""/>
    <property name="sun.management.compiler" value="HotSpot 64-Bit Tiered Compilers"/>
    <property name="java.runtime.version" value="23+37-2369"/>
    <property name="user.name" value="jacks"/>
    <property name="stdout.encoding" value="Cp1252"/>
    <property name="path.separator" value=";"/>
    <property name="os.version" value="10.0"/>
    <property name="java.runtime.name" value="Java(TM) SE Runtime Environment"/>
    <property name="file.encoding" value="UTF-8"/>
    <property name="java.vm.name" value="Java HotSpot(TM) 64-Bit Server VM"/>
    <property name="maven.ext.class.path" value="C:\Users\jacks\.vscode\extensions\oracle.oracle-java-23.1.0\nbcode\java\maven-nblib\netbeans-eventspy.jar"/>
    <property name="localRepository" value="C:\Users\jacks\.m2\repository"/>
    <property name="java.vendor.url.bug" value="https://bugreport.java.com/bugreport/"/>
    <property name="java.io.tmpdir" value="C:\Users\jacks\AppData\Local\Temp\"/>
    <property name="com.zaxxer.hikari.pool_number" value="1"/>
    <property name="java.version" value="23"/>
    <property name="user.dir" value="C:\Users\jacks\OneDrive\School\UNB\S2\CS2043\project\CS2043Project\main"/>
    <property name="os.arch" value="amd64"/>
    <property name="java.vm.specification.name" value="Java Virtual Machine Specification"/>
    <property name="sun.os.patch.level" value=""/>
    <property name="native.encoding" value="Cp1252"/>
    <property name="java.library.path" value="C:\Program Files\Java\jdk-23\bin;C:\Windows\Sun\Java\bin;C:\Windows\system32;C:\Windows;c:\strawberry\c\bin;c:\strawberry\c\libexec\gcc\x86_64-w64-mingw32\14.1.0;C:\Python312\Scripts\;C:\Python312\;C:\Program Files (x86)\VMware\VMware Player\bin\;C:\Program Files\Common Files\Oracle\Java\javapath;C:\Windows\system32;C:\Windows;C:\Windows\System32\Wbem;C:\Windows\System32\WindowsPowerShell\v1.0\;C:\Windows\System32\OpenSSH\;C:\Program Files (x86)\NVIDIA Corporation\PhysX\Common;C:\Program Files\NVIDIA Corporation\NVIDIA NvDLISR;C:\Program Files\Git\cmd;C:\Program Files\Git\bin;C:\Program Files\Gradle\gradle-8.3\bin;C:\Program Files\PuTTY\;C:\Program Files\Docker\Docker\resources\bin;C:\Strawberry\perl\site\bin;C:\Strawberry\perl\bin;C:\Users\jacks\AppData\Roaming\nvm;C:\Program Files\nodejs;C:\Program Files\nodejs\;C:\ProgramData\chocolatey\bin;C:\Program Files\MySQL\MySQL Server 8.0\bin;C:\Program Files\PostgreSQL\16\bin;c:\Program Files\Java\jdk-23\bin;C:\Program Files\Java;C:\msys64\mingw64\bin;C:\msys64\usr\bin;C:\Program Files (x86)\Vim\vim91;C:\Program Files (x86)\QtSpim;C:\ProgramData\Microsoft\Windows\Start Menu\Programs\MariaDB 11.6 (x64);C:\Program Files\Apache\maven\apache-maven-3.9.9\bin;C:\Program Files\MySQL\MySQL Shell 8.0\bin\;C:\Users\jacks\AppData\Local\Programs\Python\Python311\Scripts\;C:\Users\jacks\AppData\Local\Programs\Python\Python311\;C:\Users\jacks\AppData\Local\Microsoft\WindowsApps;C:\Users\jacks\AppData\Local\Programs\Microsoft VS Code\bin;C:\Program Files\JetBrains\IntelliJ IDEA 2023.2.1\bin;C:\Users\jacks\AppData\Local\JetBrains\Toolbox\scripts;C:\Program Files\JetBrains\PyCharm 2023.2.1\bin;C:\Users\jacks\AppData\Local\GitHubDesktop\bin;C:\MinGW\bin;c:\Users\jacks\AppData\Roaming\Code\User\globalStorage\ms-vscode-remote.remote-containers\cli-bin;C:\Program Files\swipl\bin;C:\Users\jacks\AppData\Roaming\nvm;C:\Program Files\nodejs;C:\Users\jacks\AppData\Roaming\npm;."/>
    <property name="java.vm.info" value="mixed mode, sharing"/>
    <property name="stderr.encoding" value="Cp1252"/>
    <property name="java.vendor" value="Oracle Corporation"/>
    <property name="java.vm.version" value="23+37-2369"/>
    <property name="sun.io.unicode.encoding" value="UnicodeLittle"/>
    <property name="java.class.version" value="67.0"/>
  </properties>
  <testcase name="getByIdTest" classname="com.tems.TalentRecruiterTest" time="0.243">
    <system-err><![CDATA[[main] WARN com.zaxxer.hikari.HikariConfig - HikariPool-1 - idleTimeout has been set but has no effect because the pool is operating as a fixed size pool.
[main] INFO com.zaxxer.hikari.HikariDataSource - HikariPool-1 - Starting...
[main] INFO com.zaxxer.hikari.pool.HikariPool - HikariPool-1 - Added connection org.mariadb.jdbc.Connection@196a42c3
[main] INFO com.zaxxer.hikari.HikariDataSource - HikariPool-1 - Start completed.
Error fetching recruiter by id: Unknown label 'name'. Possible value [talentrecruiters.recruiter_id, company, recruiter_id, talentrecruiters.company]
]]></system-err>
  </testcase>
</testsuite>